<?xml version="1.0" encoding="UTF-8"?>
<!-- Generated by org.testng.reporters.JUnitXMLReporter -->
<testsuite ignored="0" hostname="sukeerthsahana" failures="1" tests="1" name="Default test" time="0.833" errors="0" timestamp="2025-02-27T16:14:21 CST">
  <testcase classname="io.cucumber.testng.AbstractTestNGCucumberTests" name="runScenario" time="0.129">
    <failure type="java.lang.IllegalArgumentException" message="Browser name must not be null or empty.">
      <![CDATA[java.lang.IllegalArgumentException: Browser name must not be null or empty.
at driverFactory.DriverFactory.initializeBrowser(DriverFactory.java:15)
at hooks.Hooks.beforeScenario(Hooks.java:26)
]]>
    </failure>
  </testcase> <!-- runScenario -->
</testsuite> <!-- Default test -->
